<?xml version="1.0" encoding="UTF-8"?>
<testsuite hostname="ZS-DSK-0014" name="test.TestcaseCreation" tests="1" failures="0" timestamp="23 Apr 2020 06:17:24 GMT" time="15.018" errors="0">
  <testcase name="@AfterClass testAfterClass" time="0.0" classname="test.TestcaseCreation">
    <failure type="java.lang.NullPointerException">
      <![CDATA[java.lang.NullPointerException
	at org.openqa.selenium.support.ui.ExpectedConditions.elementIfVisible(ExpectedConditions.java:314)
	at org.openqa.selenium.support.ui.ExpectedConditions.access$000(ExpectedConditions.java:43)
	at org.openqa.selenium.support.ui.ExpectedConditions$10.apply(ExpectedConditions.java:300)
	at org.openqa.selenium.support.ui.ExpectedConditions$10.apply(ExpectedConditions.java:297)
	at org.openqa.selenium.support.ui.ExpectedConditions$23.apply(ExpectedConditions.java:670)
	at org.openqa.selenium.support.ui.ExpectedConditions$23.apply(ExpectedConditions.java:666)
	at org.openqa.selenium.support.ui.FluentWait.until(FluentWait.java:249)
	at pages.webAction.driverUntilWait(webAction.java:320)
	at pages.webAction.closeDriver(webAction.java:143)
	at test.TestcaseCreation.testAfterClass(TestcaseCreation.java:44)
	at org.apache.maven.surefire.testng.TestNGExecutor.run(TestNGExecutor.java:132)
	at org.apache.maven.surefire.testng.TestNGDirectoryTestSuite.executeSingleClass(TestNGDirectoryTestSuite.java:112)
	at org.apache.maven.surefire.testng.TestNGDirectoryTestSuite.execute(TestNGDirectoryTestSuite.java:99)
	at org.apache.maven.surefire.testng.TestNGProvider.invoke(TestNGProvider.java:147)
	at org.apache.maven.surefire.booter.ForkedBooter.invokeProviderInSameClassLoader(ForkedBooter.java:290)
	at org.apache.maven.surefire.booter.ForkedBooter.runSuitesInProcess(ForkedBooter.java:242)
	at org.apache.maven.surefire.booter.ForkedBooter.main(ForkedBooter.java:121)
... Removed 22 stack frames]]>
    </failure>
  </testcase>
  <testcase name="testCaseCreation" time="0.001" classname="test.TestcaseCreation">
    <skipped/>
  </testcase>
</testsuite>
