-------------------------------------------------------------------------------
Test set: test.TestcaseCreation
-------------------------------------------------------------------------------
Tests run: 2, Failures: 1, Errors: 0, Skipped: 1, Time elapsed: 15.432 sec <<< FAILURE! - in test.TestcaseCreation
testAfterClass(test.TestcaseCreation)  Time elapsed: 15.384 sec  <<< FAILURE!
java.lang.NullPointerException
	at test.TestcaseCreation.testAfterClass(TestcaseCreation.java:44)

