<?xml version="1.0" encoding="UTF-8"?>
<!-- Generated by org.testng.reporters.JUnitXMLReporter -->
<testsuite hostname="ZS-LP-0003" ignored="0" name="Patricia_Poc3" tests="1" failures="1" timestamp="17 Apr 2020 14:01:02 GMT" time="116.525" errors="0">
  <testcase name="testCaseCreation" time="86.857" classname="test.TestcaseCreation">
    <failure type="java.lang.AssertionError" message="trademark casetype is not selected">
      <![CDATA[java.lang.AssertionError: trademark casetype is not selected
	at pages.CaseCreation.trademarkcase(CaseCreation.java:238)
	at pages.CaseCreation.caseCreation(CaseCreation.java:85)
	at test.TestcaseCreation.testCaseCreation(TestcaseCreation.java:34)
... Removed 26 stack frames]]>
    </failure>
  </testcase> <!-- testCaseCreation -->
</testsuite> <!-- Patricia_Poc3 -->
