<?xml version="1.0" encoding="UTF-8"?>
<!-- Generated by org.testng.reporters.JUnitXMLReporter -->
<testsuite hostname="ZS-DSK-0014" ignored="0" name="test_AddDocument" tests="1" failures="1" timestamp="13 Mar 2020 05:59:09 GMT" time="56.094" errors="0">
  <testcase name="testAddDocument" time="35.233" classname="test.TestAddDocument">
    <failure type="java.lang.AssertionError" message="Document not added to the Case">
      <![CDATA[java.lang.AssertionError: Document not added to the Case
	at pages.AddDocument.addDocument(AddDocument.java:44)
	at test.TestAddDocument.testAddDocument(TestAddDocument.java:37)
... Removed 26 stack frames]]>
    </failure>
  </testcase> <!-- testAddDocument -->
</testsuite> <!-- test_AddDocument -->
