<?xml version="1.0" encoding="UTF-8"?>
<!-- Generated by org.testng.reporters.JUnitXMLReporter -->
<testsuite hostname="ZS-LP-0003" ignored="0" name="Poc_test_04" tests="1" failures="1" timestamp="17 Apr 2020 05:47:51 GMT" time="47.442" errors="0">
  <testcase name="testCaseCreation" time="23.062" classname="test.TestcaseCreation">
    <failure type="java.lang.AssertionError" message="Case Creation Process not completed">
      <![CDATA[java.lang.AssertionError: Case Creation Process not completed
	at pages.CaseCreation.patentcase(CaseCreation.java:318)
	at pages.CaseCreation.caseCreation(CaseCreation.java:74)
	at test.TestcaseCreation.testCaseCreation(TestcaseCreation.java:34)
	at test.TestNGXmlGenerator.xml(TestNGXmlGenerator.java:105)
	at test.TestNGXmlGenerator.main(TestNGXmlGenerator.java:115)
... Removed 23 stack frames]]>
    </failure>
  </testcase> <!-- testCaseCreation -->
</testsuite> <!-- Poc_test_04 -->
