<?xml version="1.0" encoding="UTF-8"?>
<!-- Generated by org.testng.reporters.JUnitXMLReporter -->
<testsuite hostname="ZS-LP-0003" ignored="0" name="Poc_test_02" tests="1" failures="1" timestamp="17 Apr 2020 05:45:13 GMT" time="105.826" errors="0">
  <testcase name="testCaseCreation" time="81.01" classname="test.TestcaseCreation">
    <failure type="java.lang.AssertionError" message="trademark casetype is not selected">
      <![CDATA[java.lang.AssertionError: trademark casetype is not selected
	at pages.CaseCreation.trademarkcase(CaseCreation.java:220)
	at pages.CaseCreation.caseCreation(CaseCreation.java:77)
	at test.TestcaseCreation.testCaseCreation(TestcaseCreation.java:34)
	at test.TestNGXmlGenerator.xml(TestNGXmlGenerator.java:105)
	at test.TestNGXmlGenerator.main(TestNGXmlGenerator.java:115)
... Removed 23 stack frames]]>
    </failure>
  </testcase> <!-- testCaseCreation -->
</testsuite> <!-- Poc_test_02 -->
