<?xml version="1.0" encoding="UTF-8"?>
<testng-results skipped="0" failed="0" ignored="0" total="1" passed="1">
  <reporter-output>
  </reporter-output>
  <suite name="Default suite" duration-ms="50078" started-at="2020-03-13T11:06:07Z" finished-at="2020-03-13T11:06:57Z">
    <groups>
    </groups>
    <test name="Default test" duration-ms="50078" started-at="2020-03-13T11:06:07Z" finished-at="2020-03-13T11:06:57Z">
      <class name="test.TestAddDocument">
        <test-method status="PASS" signature="before_suite()[pri:0, instance:test.TestAddDocument@3a5ed7a6]" name="before_suite" is-config="true" duration-ms="65" started-at="2020-03-13T16:36:07Z" finished-at="2020-03-13T16:36:07Z">
          <reporter-output>
          </reporter-output>
        </test-method> <!-- before_suite -->
        <test-method status="PASS" signature="testBeforeClass()[pri:0, instance:test.TestAddDocument@3a5ed7a6]" name="testBeforeClass" is-config="true" duration-ms="8231" started-at="2020-03-13T16:36:07Z" finished-at="2020-03-13T16:36:15Z">
          <reporter-output>
          </reporter-output>
        </test-method> <!-- testBeforeClass -->
        <test-method status="PASS" signature="testAddDocument()[pri:0, instance:test.TestAddDocument@3a5ed7a6]" name="testAddDocument" duration-ms="34080" started-at="2020-03-13T16:36:15Z" finished-at="2020-03-13T16:36:49Z">
          <reporter-output>
          </reporter-output>
        </test-method> <!-- testAddDocument -->
        <test-method status="PASS" signature="getResult(org.testng.ITestResult)[pri:0, instance:test.TestAddDocument@3a5ed7a6]" name="getResult" is-config="true" duration-ms="1" started-at="2020-03-13T16:36:49Z" finished-at="2020-03-13T16:36:49Z">
          <params>
            <param index="0">
              <value>
                <![CDATA[[TestResult name=testAddDocument status=SUCCESS method=TestAddDocument.testAddDocument()[pri:0, instance:test.TestAddDocument@3a5ed7a6] output={null}]]]>
              </value>
            </param>
          </params>
          <reporter-output>
          </reporter-output>
        </test-method> <!-- getResult -->
        <test-method status="PASS" signature="testAfterClass()[pri:0, instance:test.TestAddDocument@3a5ed7a6]" name="testAfterClass" is-config="true" duration-ms="7755" started-at="2020-03-13T16:36:49Z" finished-at="2020-03-13T16:36:57Z">
          <reporter-output>
          </reporter-output>
        </test-method> <!-- testAfterClass -->
      </class> <!-- test.TestAddDocument -->
    </test> <!-- Default test -->
  </suite> <!-- Default suite -->
</testng-results>
