<?xml version="1.0" encoding="UTF-8"?>
<!-- Generated by org.testng.reporters.JUnitXMLReporter -->
<testsuite hostname="ZS-LP-0003" ignored="0" name="Poc_test_09" tests="1" failures="1" timestamp="17 Apr 2020 04:48:16 GMT" time="43.911" errors="0">
  <testcase name="@AfterClass testAfterClass" time="3.163" classname="test.TestPartiesInvalid">
    <failure type="org.openqa.selenium.ElementClickInterceptedException" message="element click intercepted: Element &amp;lt;span class=&amp;quot;trish-icon-button-wrap&amp;quot;&amp;gt;...&amp;lt;/span&amp;gt; is not clickable at point (1554, 36). Other element would receive the click: &amp;lt;div class=&amp;quot;v-window-modalitycurtain&amp;quot; style=&amp;quot;z-index: 10001;&amp;quot;&amp;gt;&amp;lt;/div&amp;gt;
  (Session info: chrome=80.0.3987.163)
Build info: version: &amp;apos;3.141.59&amp;apos;, revision: &amp;apos;e82be7d358&amp;apos;, time: &amp;apos;2018-11-14T08:17:03&amp;apos;
System info: host: &amp;apos;ZS-LP-0003&amp;apos;, ip: &amp;apos;192.168.43.137&amp;apos;, os.name: &amp;apos;Windows 10&amp;apos;, os.arch: &amp;apos;amd64&amp;apos;, os.version: &amp;apos;10.0&amp;apos;, java.version: &amp;apos;1.8.0_221&amp;apos;
Driver info: org.openqa.selenium.chrome.ChromeDriver
Capabilities {acceptInsecureCerts: false, browserName: chrome, browserVersion: 80.0.3987.163, chrome: {chromedriverVersion: 80.0.3987.106 (f68069574609..., userDataDir: C:\Users\kirthika.v\AppData...}, goog:chromeOptions: {debuggerAddress: localhost:50658}, javascriptEnabled: true, networkConnectionEnabled: false, pageLoadStrategy: normal, platform: WINDOWS, platformName: WINDOWS, proxy: Proxy(), setWindowRect: true, strictFileInteractability: false, timeouts: {implicit: 0, pageLoad: 300000, script: 30000}, unhandledPromptBehavior: dismiss and notify}
Session ID: d94b273479504058bb757db6582c4087">
      <![CDATA[org.openqa.selenium.ElementClickInterceptedException: element click intercepted: Element <span class="trish-icon-button-wrap">...</span> is not clickable at point (1554, 36). Other element would receive the click: <div class="v-window-modalitycurtain" style="z-index: 10001;"></div>
  (Session info: chrome=80.0.3987.163)
Build info: version: '3.141.59', revision: 'e82be7d358', time: '2018-11-14T08:17:03'
System info: host: 'ZS-LP-0003', ip: '192.168.43.137', os.name: 'Windows 10', os.arch: 'amd64', os.version: '10.0', java.version: '1.8.0_221'
Driver info: org.openqa.selenium.chrome.ChromeDriver
Capabilities {acceptInsecureCerts: false, browserName: chrome, browserVersion: 80.0.3987.163, chrome: {chromedriverVersion: 80.0.3987.106 (f68069574609..., userDataDir: C:\Users\kirthika.v\AppData...}, goog:chromeOptions: {debuggerAddress: localhost:50658}, javascriptEnabled: true, networkConnectionEnabled: false, pageLoadStrategy: normal, platform: WINDOWS, platformName: WINDOWS, proxy: Proxy(), setWindowRect: true, strictFileInteractability: false, timeouts: {implicit: 0, pageLoad: 300000, script: 30000}, unhandledPromptBehavior: dismiss and notify}
Session ID: d94b273479504058bb757db6582c4087
	at org.openqa.selenium.remote.http.W3CHttpResponseCodec.createException(W3CHttpResponseCodec.java:187)
	at org.openqa.selenium.remote.http.W3CHttpResponseCodec.decode(W3CHttpResponseCodec.java:122)
	at org.openqa.selenium.remote.http.W3CHttpResponseCodec.decode(W3CHttpResponseCodec.java:49)
	at org.openqa.selenium.remote.HttpCommandExecutor.execute(HttpCommandExecutor.java:158)
	at org.openqa.selenium.remote.service.DriverCommandExecutor.execute(DriverCommandExecutor.java:83)
	at org.openqa.selenium.remote.RemoteWebDriver.execute(RemoteWebDriver.java:552)
	at org.openqa.selenium.remote.RemoteWebElement.execute(RemoteWebElement.java:285)
	at org.openqa.selenium.remote.RemoteWebElement.click(RemoteWebElement.java:84)
	at org.openqa.selenium.support.pagefactory.internal.LocatingElementHandler.invoke(LocatingElementHandler.java:51)
	at com.sun.proxy.$Proxy10.click(Unknown Source)
	at pages.webAction.closeDriver(webAction.java:117)
	at test.TestPartiesInvalid.testAfterClass(TestPartiesInvalid.java:49)
	at test.TestNGXmlGenerator.xml(TestNGXmlGenerator.java:105)
	at test.TestNGXmlGenerator.main(TestNGXmlGenerator.java:115)
... Removed 29 stack frames]]>
    </failure>
  </testcase> <!-- @AfterClass testAfterClass -->
  <testcase name="testpartiesinvalid" time="22.972" classname="test.TestPartiesInvalid">
    <failure type="java.lang.AssertionError" message="valid parties are not created">
      <![CDATA[java.lang.AssertionError: valid parties are not created
	at pages.PartiesInvalid.Partiesvalid(PartiesInvalid.java:120)
	at test.TestPartiesInvalid.testpartiesinvalid(TestPartiesInvalid.java:39)
	at test.TestNGXmlGenerator.xml(TestNGXmlGenerator.java:105)
	at test.TestNGXmlGenerator.main(TestNGXmlGenerator.java:115)
... Removed 23 stack frames]]>
    </failure>
  </testcase> <!-- testpartiesinvalid -->
</testsuite> <!-- Poc_test_09 -->
