<?xml version="1.0" encoding="UTF-8"?>
<testng-results skipped="0" failed="0" ignored="0" total="4" passed="4">
  <reporter-output>
  </reporter-output>
  <suite name="Poc_suite" duration-ms="204935" started-at="2020-03-12T05:37:12Z" finished-at="2020-03-12T05:40:37Z">
    <groups>
    </groups>
    <test name="test_AddDocument" duration-ms="54165" started-at="2020-03-12T05:37:12Z" finished-at="2020-03-12T05:38:07Z">
      <class name="TestPatrixmaven.TestAddDocument">
        <test-method status="PASS" signature="testBeforeClass()[pri:0, instance:TestPatrixmaven.TestAddDocument@7c29daf3]" name="testBeforeClass" is-config="true" duration-ms="12492" started-at="2020-03-12T11:07:12Z" finished-at="2020-03-12T11:07:25Z">
          <reporter-output>
          </reporter-output>
        </test-method> <!-- testBeforeClass -->
        <test-method status="PASS" signature="testAddDocument()[pri:0, instance:TestPatrixmaven.TestAddDocument@7c29daf3]" name="testAddDocument" duration-ms="33107" started-at="2020-03-12T11:07:25Z" finished-at="2020-03-12T11:07:58Z">
          <reporter-output>
          </reporter-output>
        </test-method> <!-- testAddDocument -->
        <test-method status="PASS" signature="getResult(org.testng.ITestResult)[pri:0, instance:TestPatrixmaven.TestAddDocument@7c29daf3]" name="getResult" is-config="true" duration-ms="1" started-at="2020-03-12T11:07:58Z" finished-at="2020-03-12T11:07:58Z">
          <params>
            <param index="0">
              <value>
                <![CDATA[[TestResult name=testAddDocument status=SUCCESS method=TestAddDocument.testAddDocument()[pri:0, instance:TestPatrixmaven.TestAddDocument@7c29daf3] output={null}]]]>
              </value>
            </param>
          </params>
          <reporter-output>
          </reporter-output>
        </test-method> <!-- getResult -->
        <test-method status="PASS" signature="testAfterClass()[pri:0, instance:TestPatrixmaven.TestAddDocument@7c29daf3]" name="testAfterClass" is-config="true" duration-ms="8554" started-at="2020-03-12T11:07:58Z" finished-at="2020-03-12T11:08:07Z">
          <reporter-output>
          </reporter-output>
        </test-method> <!-- testAfterClass -->
      </class> <!-- TestPatrixmaven.TestAddDocument -->
    </test> <!-- test_AddDocument -->
    <test name="test_CaseCreation" duration-ms="65726" started-at="2020-03-12T05:38:07Z" finished-at="2020-03-12T05:39:12Z">
      <class name="TestPatrixmaven.TestcaseCreation">
        <test-method status="PASS" signature="testBeforeClass()[pri:0, instance:TestPatrixmaven.TestcaseCreation@1d29cf23]" name="testBeforeClass" is-config="true" duration-ms="12767" started-at="2020-03-12T11:08:07Z" finished-at="2020-03-12T11:08:19Z">
          <reporter-output>
          </reporter-output>
        </test-method> <!-- testBeforeClass -->
        <test-method status="PASS" signature="testCaseCreation()[pri:0, instance:TestPatrixmaven.TestcaseCreation@1d29cf23]" name="testCaseCreation" duration-ms="44530" started-at="2020-03-12T11:08:19Z" finished-at="2020-03-12T11:09:04Z">
          <reporter-output>
          </reporter-output>
        </test-method> <!-- testCaseCreation -->
        <test-method status="PASS" signature="getResult(org.testng.ITestResult)[pri:0, instance:TestPatrixmaven.TestcaseCreation@1d29cf23]" name="getResult" is-config="true" duration-ms="1" started-at="2020-03-12T11:09:04Z" finished-at="2020-03-12T11:09:04Z">
          <params>
            <param index="0">
              <value>
                <![CDATA[[TestResult name=testCaseCreation status=SUCCESS method=TestcaseCreation.testCaseCreation()[pri:0, instance:TestPatrixmaven.TestcaseCreation@1d29cf23] output={null}]]]>
              </value>
            </param>
          </params>
          <reporter-output>
          </reporter-output>
        </test-method> <!-- getResult -->
        <test-method status="PASS" signature="testAfterClass()[pri:0, instance:TestPatrixmaven.TestcaseCreation@1d29cf23]" name="testAfterClass" is-config="true" duration-ms="8422" started-at="2020-03-12T11:09:04Z" finished-at="2020-03-12T11:09:12Z">
          <reporter-output>
          </reporter-output>
        </test-method> <!-- testAfterClass -->
      </class> <!-- TestPatrixmaven.TestcaseCreation -->
    </test> <!-- test_CaseCreation -->
    <test name="test_DocumentPreview" duration-ms="45059" started-at="2020-03-12T05:39:12Z" finished-at="2020-03-12T05:39:57Z">
      <class name="TestPatrixmaven.TestDocumentPreview">
        <test-method status="PASS" signature="testBeforeClass()[pri:0, instance:TestPatrixmaven.TestDocumentPreview@4d41cee]" name="testBeforeClass" is-config="true" duration-ms="11943" started-at="2020-03-12T11:09:12Z" finished-at="2020-03-12T11:09:24Z">
          <reporter-output>
          </reporter-output>
        </test-method> <!-- testBeforeClass -->
        <test-method status="PASS" signature="testDocumentPreview()[pri:0, instance:TestPatrixmaven.TestDocumentPreview@4d41cee]" name="testDocumentPreview" duration-ms="24653" started-at="2020-03-12T11:09:24Z" finished-at="2020-03-12T11:09:49Z">
          <reporter-output>
          </reporter-output>
        </test-method> <!-- testDocumentPreview -->
        <test-method status="PASS" signature="getResult(org.testng.ITestResult)[pri:0, instance:TestPatrixmaven.TestDocumentPreview@4d41cee]" name="getResult" is-config="true" duration-ms="1" started-at="2020-03-12T11:09:49Z" finished-at="2020-03-12T11:09:49Z">
          <params>
            <param index="0">
              <value>
                <![CDATA[[TestResult name=testDocumentPreview status=SUCCESS method=TestDocumentPreview.testDocumentPreview()[pri:0, instance:TestPatrixmaven.TestDocumentPreview@4d41cee] output={null}]]]>
              </value>
            </param>
          </params>
          <reporter-output>
          </reporter-output>
        </test-method> <!-- getResult -->
        <test-method status="PASS" signature="testAfterClass()[pri:0, instance:TestPatrixmaven.TestDocumentPreview@4d41cee]" name="testAfterClass" is-config="true" duration-ms="8459" started-at="2020-03-12T11:09:49Z" finished-at="2020-03-12T11:09:57Z">
          <reporter-output>
          </reporter-output>
        </test-method> <!-- testAfterClass -->
      </class> <!-- TestPatrixmaven.TestDocumentPreview -->
    </test> <!-- test_DocumentPreview -->
    <test name="test_SearchforCase" duration-ms="39969" started-at="2020-03-12T05:39:57Z" finished-at="2020-03-12T05:40:37Z">
      <class name="TestPatrixmaven.TestSearchforCase">
        <test-method status="PASS" signature="testBeforeClass()[pri:0, instance:TestPatrixmaven.TestSearchforCase@1f57539]" name="testBeforeClass" is-config="true" duration-ms="12202" started-at="2020-03-12T11:09:57Z" finished-at="2020-03-12T11:10:10Z">
          <reporter-output>
          </reporter-output>
        </test-method> <!-- testBeforeClass -->
        <test-method status="PASS" signature="testSearchCase()[pri:0, instance:TestPatrixmaven.TestSearchforCase@1f57539]" name="testSearchCase" duration-ms="19308" started-at="2020-03-12T11:10:10Z" finished-at="2020-03-12T11:10:29Z">
          <reporter-output>
          </reporter-output>
        </test-method> <!-- testSearchCase -->
        <test-method status="PASS" signature="testAfterClass()[pri:0, instance:TestPatrixmaven.TestSearchforCase@1f57539]" name="testAfterClass" is-config="true" duration-ms="8458" started-at="2020-03-12T11:10:29Z" finished-at="2020-03-12T11:10:37Z">
          <reporter-output>
          </reporter-output>
        </test-method> <!-- testAfterClass -->
        <test-method status="PASS" signature="getResult(org.testng.ITestResult)[pri:0, instance:TestPatrixmaven.TestSearchforCase@1f57539]" name="getResult" is-config="true" duration-ms="0" started-at="2020-03-12T11:10:29Z" finished-at="2020-03-12T11:10:29Z">
          <params>
            <param index="0">
              <value>
                <![CDATA[[TestResult name=testSearchCase status=SUCCESS method=TestSearchforCase.testSearchCase()[pri:0, instance:TestPatrixmaven.TestSearchforCase@1f57539] output={null}]]]>
              </value>
            </param>
          </params>
          <reporter-output>
          </reporter-output>
        </test-method> <!-- getResult -->
      </class> <!-- TestPatrixmaven.TestSearchforCase -->
    </test> <!-- test_SearchforCase -->
  </suite> <!-- Poc_suite -->
</testng-results>
