<?xml version="1.0" encoding="UTF-8"?>
<!-- Generated by org.testng.reporters.JUnitXMLReporter -->
<testsuite hostname="ZS-DSK-0014" ignored="0" name="Command line test 8ad7c619-5eee-44f9-9238-637c06963465" tests="1" failures="1" timestamp="25 Apr 2020 15:12:40 GMT" time="27.627" errors="0">
  <testcase name="testAddDocument" time="10.336" classname="test.TestAddDocument">
    <failure type="java.lang.AssertionError" message="No Results found">
      <![CDATA[java.lang.AssertionError: No Results found
	at pages.webAction.searchForCase(webAction.java:260)
	at test.TestAddDocument.testAddDocument(TestAddDocument.java:33)
	at test.PatriciaTestNGXML.xml(PatriciaTestNGXML.java:142)
	at test.PatriciaTestNGXML.main(PatriciaTestNGXML.java:149)
... Removed 23 stack frames]]>
    </failure>
  </testcase> <!-- testAddDocument -->
</testsuite> <!-- Command line test 8ad7c619-5eee-44f9-9238-637c06963465 -->
