<?xml version="1.0" encoding="UTF-8"?>
<!-- Generated by org.testng.reporters.JUnitXMLReporter -->
<testsuite hostname="ZS-DSK-0014" ignored="0" name="Command line test 5805a746-09bf-440a-a89a-5682a3164c95" tests="1" failures="1" timestamp="22 Apr 2020 07:13:59 GMT" time="95.856" errors="0">
  <testcase name="testCaseCreation" time="74.533" classname="test.TestcaseCreation">
    <failure type="java.lang.AssertionError" message=" Case Creation Process not completed">
      <![CDATA[java.lang.AssertionError:  Case Creation Process not completed
	at pages.CaseCreation.patentcase(CaseCreation.java:378)
	at pages.CaseCreation.caseCreation(CaseCreation.java:87)
	at test.TestcaseCreation.testCaseCreation(TestcaseCreation.java:34)
	at test.PatriciaTestNGXML.xml(PatriciaTestNGXML.java:131)
	at test.PatriciaTestNGXML.main(PatriciaTestNGXML.java:137)
... Removed 23 stack frames]]>
    </failure>
  </testcase> <!-- testCaseCreation -->
</testsuite> <!-- Command line test 5805a746-09bf-440a-a89a-5682a3164c95 -->
