<?xml version="1.0" encoding="UTF-8"?>
<!-- Generated by org.testng.reporters.JUnitXMLReporter -->
<testsuite hostname="ZS-DSK-0014" ignored="0" name="Command line test 2abfb01f-d459-4264-bfad-298734875a4c" tests="1" failures="1" timestamp="24 Apr 2020 08:20:12 GMT" time="33.564" errors="0">
  <testcase name="testAddDocument" time="10.387" classname="test.TestAddDocument">
    <failure type="java.lang.AssertionError" message="No Results found">
      <![CDATA[java.lang.AssertionError: No Results found
	at pages.webAction.searchForCase(webAction.java:259)
	at test.TestAddDocument.testAddDocument(TestAddDocument.java:33)
	at test.PatriciaTestNGXML.xml(PatriciaTestNGXML.java:137)
	at test.PatriciaTestNGXML.main(PatriciaTestNGXML.java:144)
... Removed 23 stack frames]]>
    </failure>
  </testcase> <!-- testAddDocument -->
</testsuite> <!-- Command line test 2abfb01f-d459-4264-bfad-298734875a4c -->
