<?xml version="1.0" encoding="UTF-8"?>
<!-- Generated by org.testng.reporters.JUnitXMLReporter -->
<testsuite hostname="ZS-DSK-0014" ignored="0" name="Command line test 5f3dbc47-16ea-4a33-8923-31c82a60dd3f" tests="1" failures="0" timestamp="27 Apr 2020 12:31:28 GMT" time="49.242" errors="0">
  <testcase name="@BeforeClass testBeforeClass" time="49.198" classname="test.TestAddDocument">
    <failure type="java.lang.AssertionError" message=" Could not navigate to the Application Login page">
      <![CDATA[java.lang.AssertionError:  Could not navigate to the Application Login page
	at pages.webAction.getUrl(webAction.java:189)
	at pages.webAction.before_Class(webAction.java:123)
	at test.TestAddDocument.testBeforeClass(TestAddDocument.java:16)
	at test.PatriciaTestNGXML.xml(PatriciaTestNGXML.java:146)
	at test.PatriciaTestNGXML.main(PatriciaTestNGXML.java:153)
... Removed 23 stack frames]]>
    </failure>
  </testcase> <!-- @BeforeClass testBeforeClass -->
  <testcase name="@AfterClass testAfterClass" time="0.0" classname="test.TestAddDocument">
    <skipped/>
  </testcase> <!-- @AfterClass testAfterClass -->
  <testcase name="testAddDocument" time="0.042" classname="test.TestAddDocument">
    <skipped/>
  </testcase> <!-- testAddDocument -->
</testsuite> <!-- Command line test 5f3dbc47-16ea-4a33-8923-31c82a60dd3f -->
