<?xml version="1.0" encoding="UTF-8"?>
<!-- Generated by org.testng.reporters.JUnitXMLReporter -->
<testsuite hostname="ZS-LP-0003" ignored="0" name="Command line test e7f78f12-7197-40d5-9241-e1d2aff88b49" tests="1" failures="1" timestamp="22 Apr 2020 05:13:39 GMT" time="50.455" errors="0">
  <testcase name="testCaseCreation" time="23.351" classname="test.TestcaseCreation">
    <failure type="java.lang.AssertionError" message=" Case Creation Process not completed">
      <![CDATA[java.lang.AssertionError:  Case Creation Process not completed
	at pages.CaseCreation.patentcase(CaseCreation.java:378)
	at pages.CaseCreation.caseCreation(CaseCreation.java:87)
	at test.TestcaseCreation.testCaseCreation(TestcaseCreation.java:34)
	at test.PatriciaTestNGXML.xml(PatriciaTestNGXML.java:117)
	at test.PatriciaTestNGXML.main(PatriciaTestNGXML.java:123)
... Removed 23 stack frames]]>
    </failure>
  </testcase> <!-- testCaseCreation -->
</testsuite> <!-- Command line test e7f78f12-7197-40d5-9241-e1d2aff88b49 -->
