<?xml version="1.0" encoding="UTF-8"?>
<!-- Generated by org.testng.reporters.JUnitXMLReporter -->
<testsuite hostname="ZS-LP-0003" ignored="0" name="Command line test 318ef90c-a3b7-4244-805a-df365b637556" tests="1" failures="1" timestamp="22 Apr 2020 05:22:48 GMT" time="51.645" errors="0">
  <testcase name="testmandatoryfields" time="29.38" classname="test.TestMandatoryFields">
    <failure type="junit.framework.AssertionFailedError" message=" &amp;apos;Field is mandatory error message&amp;apos; not displayed under the field: Application Type">
      <![CDATA[junit.framework.AssertionFailedError:  'Field is mandatory error message' not displayed under the field: Application Type
	at junit.framework.Assert.fail(Assert.java:47)
	at pages.MandatoryFields.Application_Type(MandatoryFields.java:135)
	at pages.MandatoryFields.Switch_Case(MandatoryFields.java:51)
	at test.TestMandatoryFields.testmandatoryfields(TestMandatoryFields.java:37)
	at test.PatriciaTestNGXML.xml(PatriciaTestNGXML.java:117)
	at test.PatriciaTestNGXML.main(PatriciaTestNGXML.java:124)
... Removed 22 stack frames]]>
    </failure>
  </testcase> <!-- testmandatoryfields -->
</testsuite> <!-- Command line test 318ef90c-a3b7-4244-805a-df365b637556 -->
