<?xml version="1.0" encoding="UTF-8"?>
<!-- Generated by org.testng.reporters.JUnitXMLReporter -->
<testsuite hostname="ZS-LP-0003" ignored="0" name="Command line test 7307ef6c-6ed9-4ded-9479-130e469c9152" tests="1" failures="1" timestamp="22 Apr 2020 03:31:30 GMT" time="75.666" errors="0">
  <testcase name="testCaseCreation" time="50.261" classname="test.TestcaseCreation">
    <failure type="java.lang.AssertionError" message=" Case Creation Process not completed">
      <![CDATA[java.lang.AssertionError:  Case Creation Process not completed
	at pages.CaseCreation.patentcase(CaseCreation.java:377)
	at pages.CaseCreation.caseCreation(CaseCreation.java:87)
	at test.TestcaseCreation.testCaseCreation(TestcaseCreation.java:34)
	at test.PatriciaTestNGXML.xml(PatriciaTestNGXML.java:117)
	at test.PatriciaTestNGXML.main(PatriciaTestNGXML.java:123)
... Removed 23 stack frames]]>
    </failure>
  </testcase> <!-- testCaseCreation -->
</testsuite> <!-- Command line test 7307ef6c-6ed9-4ded-9479-130e469c9152 -->
