<?xml version="1.0" encoding="UTF-8"?>
<!-- Generated by org.testng.reporters.JUnitXMLReporter -->
<testsuite hostname="ZS-DSK-0014" ignored="0" name="Command line test 620b44f0-5ab3-42cc-b94c-34da77933d19" tests="1" failures="1" timestamp="24 Apr 2020 09:14:28 GMT" time="30.043" errors="0">
  <testcase name="testAddDocument" time="10.344" classname="test.TestAddDocument">
    <failure type="java.lang.AssertionError" message="No Results found">
      <![CDATA[java.lang.AssertionError: No Results found
	at pages.webAction.searchForCase(webAction.java:259)
	at test.TestAddDocument.testAddDocument(TestAddDocument.java:33)
	at test.PatriciaTestNGXML.xml(PatriciaTestNGXML.java:138)
	at test.PatriciaTestNGXML.main(PatriciaTestNGXML.java:145)
... Removed 23 stack frames]]>
    </failure>
  </testcase> <!-- testAddDocument -->
</testsuite> <!-- Command line test 620b44f0-5ab3-42cc-b94c-34da77933d19 -->
