<?xml version="1.0" encoding="UTF-8"?>
<!-- Generated by org.testng.reporters.JUnitXMLReporter -->
<testsuite hostname="ZS-DSK-0014" ignored="0" name="Command line test e6e28ac4-c71d-40f1-aa83-fa6d769303b6" tests="1" failures="1" timestamp="22 Apr 2020 08:07:04 GMT" time="61.05" errors="0">
  <testcase name="testpartiesinvalid" time="39.246" classname="test.TestPartiesInvalid">
    <failure type="java.lang.AssertionError" message="FAIL- parties are not created">
      <![CDATA[java.lang.AssertionError: FAIL- parties are not created
	at pages.PartiesInvalid.Partiesvalid(PartiesInvalid.java:126)
	at test.TestPartiesInvalid.testpartiesinvalid(TestPartiesInvalid.java:39)
	at test.PatriciaTestNGXML.xml(PatriciaTestNGXML.java:134)
	at test.PatriciaTestNGXML.main(PatriciaTestNGXML.java:144)
... Removed 23 stack frames]]>
    </failure>
  </testcase> <!-- testpartiesinvalid -->
</testsuite> <!-- Command line test e6e28ac4-c71d-40f1-aa83-fa6d769303b6 -->
