<?xml version="1.0" encoding="UTF-8"?>
<!-- Generated by org.testng.reporters.JUnitXMLReporter -->
<testsuite hostname="ZS-DSK-0014" ignored="0" name="Command line test d265c094-c1f2-4b7e-b836-d700f7f9f143" tests="1" failures="1" timestamp="22 Apr 2020 08:10:02 GMT" time="39.446" errors="0">
  <testcase name="testCaseCreation" time="12.344" classname="test.TestcaseCreation">
    <failure type="java.lang.AssertionError" message=" Case Creation Process not completed">
      <![CDATA[java.lang.AssertionError:  Case Creation Process not completed
	at pages.CaseCreation.patentcase(CaseCreation.java:378)
	at pages.CaseCreation.caseCreation(CaseCreation.java:87)
	at test.TestcaseCreation.testCaseCreation(TestcaseCreation.java:34)
	at test.PatriciaTestNGXML.xml(PatriciaTestNGXML.java:134)
	at test.PatriciaTestNGXML.main(PatriciaTestNGXML.java:143)
... Removed 23 stack frames]]>
    </failure>
  </testcase> <!-- testCaseCreation -->
</testsuite> <!-- Command line test d265c094-c1f2-4b7e-b836-d700f7f9f143 -->
