<?xml version="1.0" encoding="UTF-8"?>
<!-- Generated by org.testng.reporters.JUnitXMLReporter -->
<testsuite hostname="ZS-DSK-0014" ignored="0" name="Command line test 6fc45950-c36a-4603-8fb7-1ea833da1a5b" tests="1" failures="1" timestamp="22 Apr 2020 08:22:09 GMT" time="59.705" errors="0">
  <testcase name="testpartiesinvalid" time="39.154" classname="test.TestPartiesInvalid">
    <failure type="java.lang.AssertionError" message="FAIL- parties are not created">
      <![CDATA[java.lang.AssertionError: FAIL- parties are not created
	at pages.PartiesInvalid.Partiesvalid(PartiesInvalid.java:126)
	at test.TestPartiesInvalid.testpartiesinvalid(TestPartiesInvalid.java:39)
	at test.PatriciaTestNGXML.xml(PatriciaTestNGXML.java:134)
	at test.PatriciaTestNGXML.main(PatriciaTestNGXML.java:144)
... Removed 23 stack frames]]>
    </failure>
  </testcase> <!-- testpartiesinvalid -->
</testsuite> <!-- Command line test 6fc45950-c36a-4603-8fb7-1ea833da1a5b -->
