<?xml version="1.0" encoding="UTF-8"?>
<!-- Generated by org.testng.reporters.JUnitXMLReporter -->
<testsuite hostname="ZS-DSK-0014" ignored="0" name="Command line test d503011b-cbda-40ae-b13f-eec8951ee2d9" tests="1" failures="0" timestamp="27 Apr 2020 12:34:11 GMT" time="67.983" errors="0">
  <testcase name="@BeforeClass testBeforeClass" time="67.982" classname="test.TestAddDocument">
    <failure type="java.lang.AssertionError" message=" Could not navigate to the Application Login page">
      <![CDATA[java.lang.AssertionError:  Could not navigate to the Application Login page
	at pages.webAction.getUrl(webAction.java:189)
	at pages.webAction.before_Class(webAction.java:123)
	at test.TestAddDocument.testBeforeClass(TestAddDocument.java:16)
	at test.PatriciaTestNGXML.xml(PatriciaTestNGXML.java:146)
	at test.PatriciaTestNGXML.main(PatriciaTestNGXML.java:153)
... Removed 23 stack frames]]>
    </failure>
  </testcase> <!-- @BeforeClass testBeforeClass -->
  <testcase name="@AfterClass testAfterClass" time="0.0" classname="test.TestAddDocument">
    <skipped/>
  </testcase> <!-- @AfterClass testAfterClass -->
  <testcase name="testAddDocument" time="0.001" classname="test.TestAddDocument">
    <skipped/>
  </testcase> <!-- testAddDocument -->
</testsuite> <!-- Command line test d503011b-cbda-40ae-b13f-eec8951ee2d9 -->
