<?xml version="1.0" encoding="UTF-8"?>
<!-- Generated by org.testng.reporters.JUnitXMLReporter -->
<testsuite hostname="ZS-DSK-0014" ignored="0" name="Command line test 1facc89a-692a-4bec-a29f-a1550e2bc393" tests="1" failures="1" timestamp="24 Apr 2020 08:35:38 GMT" time="26.229" errors="0">
  <testcase name="testAddDocument" time="10.347" classname="test.TestAddDocument">
    <failure type="java.lang.AssertionError" message="No Results found">
      <![CDATA[java.lang.AssertionError: No Results found
	at pages.webAction.searchForCase(webAction.java:259)
	at test.TestAddDocument.testAddDocument(TestAddDocument.java:33)
	at test.PatriciaTestNGXML.xml(PatriciaTestNGXML.java:138)
	at test.PatriciaTestNGXML.main(PatriciaTestNGXML.java:145)
... Removed 23 stack frames]]>
    </failure>
  </testcase> <!-- testAddDocument -->
</testsuite> <!-- Command line test 1facc89a-692a-4bec-a29f-a1550e2bc393 -->
