<?xml version="1.0" encoding="UTF-8"?>
<!-- Generated by org.testng.reporters.JUnitXMLReporter -->
<testsuite hostname="ZS-LP-0003" ignored="0" name="Command line test 0c495f6c-50e3-4053-a6fd-94bbe4caf42d" tests="1" failures="0" timestamp="20 Apr 2020 15:16:05 GMT" time="39.571" errors="0">
  <testcase name="@BeforeClass testBeforeClass" time="39.569" classname="test.TestcaseCreation">
    <failure type="java.lang.AssertionError" message=" Could not navigate to the Application Login page">
      <![CDATA[java.lang.AssertionError:  Could not navigate to the Application Login page
	at pages.webAction.getUrl(webAction.java:179)
	at pages.webAction.before_Class(webAction.java:114)
	at test.TestcaseCreation.testBeforeClass(TestcaseCreation.java:16)
	at test.PatriciaTestNGXML.xml(PatriciaTestNGXML.java:114)
	at test.PatriciaTestNGXML.main(PatriciaTestNGXML.java:120)
... Removed 23 stack frames]]>
    </failure>
  </testcase> <!-- @BeforeClass testBeforeClass -->
  <testcase name="@AfterClass testAfterClass" time="0.0" classname="test.TestcaseCreation">
    <skipped/>
  </testcase> <!-- @AfterClass testAfterClass -->
  <testcase name="testCaseCreation" time="0.001" classname="test.TestcaseCreation">
    <skipped/>
  </testcase> <!-- testCaseCreation -->
</testsuite> <!-- Command line test 0c495f6c-50e3-4053-a6fd-94bbe4caf42d -->
