<?xml version="1.0" encoding="UTF-8"?>
<!-- Generated by org.testng.reporters.JUnitXMLReporter -->
<testsuite hostname="ZS-LP-0003" ignored="0" name="Command line test 79265e30-6977-4dd3-9f79-aec4ff48ccdb" tests="1" failures="1" timestamp="20 Apr 2020 14:03:46 GMT" time="52.322" errors="0">
  <testcase name="testmandatoryfields" time="25.131" classname="test.TestMandatoryFields">
    <failure type="junit.framework.AssertionFailedError" message="Mandatory error message for Service Level is not generated">
      <![CDATA[junit.framework.AssertionFailedError: Mandatory error message for Service Level is not generated
	at junit.framework.Assert.fail(Assert.java:47)
	at pages.MandatoryFields.Service_Level(MandatoryFields.java:188)
	at pages.MandatoryFields.Switch_Case(MandatoryFields.java:54)
	at test.TestMandatoryFields.testmandatoryfields(TestMandatoryFields.java:37)
	at test.PatriciaTestNGXML.xml(PatriciaTestNGXML.java:114)
	at test.PatriciaTestNGXML.main(PatriciaTestNGXML.java:120)
... Removed 22 stack frames]]>
    </failure>
  </testcase> <!-- testmandatoryfields -->
</testsuite> <!-- Command line test 79265e30-6977-4dd3-9f79-aec4ff48ccdb -->
