<?xml version="1.0" encoding="UTF-8"?>
<!-- Generated by org.testng.reporters.JUnitXMLReporter -->
<testsuite hostname="ZS-DSK-0014" ignored="0" name="Command line test f8548dbc-60ea-45ce-8753-62641d4dd977" tests="1" failures="1" timestamp="24 Apr 2020 13:21:34 GMT" time="35.887" errors="0">
  <testcase name="testCaseCreation" time="14.351" classname="test.TestcaseCreation">
    <failure type="java.lang.AssertionError" message="trademark casetype is not selected">
      <![CDATA[java.lang.AssertionError: trademark casetype is not selected
	at pages.CaseCreation.trademarkcase(CaseCreation.java:254)
	at pages.CaseCreation.caseCreation(CaseCreation.java:90)
	at test.TestcaseCreation.testCaseCreation(TestcaseCreation.java:34)
	at test.PatriciaTestNGXML.xml(PatriciaTestNGXML.java:142)
	at test.PatriciaTestNGXML.main(PatriciaTestNGXML.java:148)
... Removed 23 stack frames]]>
    </failure>
  </testcase> <!-- testCaseCreation -->
</testsuite> <!-- Command line test f8548dbc-60ea-45ce-8753-62641d4dd977 -->
