<?xml version="1.0" encoding="UTF-8"?>
<!-- Generated by org.testng.reporters.JUnitXMLReporter -->
<testsuite hostname="ZS-DSK-0014" ignored="0" name="Command line test 41c9dc4f-0e2f-4fbb-8cbd-3ff66bed49f2" tests="1" failures="1" timestamp="22 Apr 2020 07:49:08 GMT" time="42.095" errors="0">
  <testcase name="testpartiesinvalid" time="22.684" classname="test.TestPartiesInvalid">
    <failure type="java.lang.AssertionError" message="FAIL- parties are not created">
      <![CDATA[java.lang.AssertionError: FAIL- parties are not created
	at pages.PartiesInvalid.Partiesvalid(PartiesInvalid.java:126)
	at test.TestPartiesInvalid.testpartiesinvalid(TestPartiesInvalid.java:39)
	at test.PatriciaTestNGXML.xml(PatriciaTestNGXML.java:129)
	at test.PatriciaTestNGXML.main(PatriciaTestNGXML.java:139)
... Removed 23 stack frames]]>
    </failure>
  </testcase> <!-- testpartiesinvalid -->
</testsuite> <!-- Command line test 41c9dc4f-0e2f-4fbb-8cbd-3ff66bed49f2 -->
