<?xml version="1.0" encoding="UTF-8"?>
<!-- Generated by org.testng.reporters.JUnitXMLReporter -->
<testsuite hostname="ZS-LP-0003" ignored="0" name="Command line test d2143ad3-0584-495a-bb64-79ebe44af783" tests="1" failures="1" timestamp="20 Apr 2020 14:02:54 GMT" time="47.668" errors="0">
  <testcase name="testmandatoryfields" time="12.624" classname="test.TestMandatoryFields">
    <failure type="junit.framework.AssertionFailedError" message=" Mandatory error message for Application Type is not generated">
      <![CDATA[junit.framework.AssertionFailedError:  Mandatory error message for Application Type is not generated
	at junit.framework.Assert.fail(Assert.java:47)
	at pages.MandatoryFields.Application_Type(MandatoryFields.java:140)
	at pages.MandatoryFields.Switch_Case(MandatoryFields.java:51)
	at test.TestMandatoryFields.testmandatoryfields(TestMandatoryFields.java:37)
	at test.PatriciaTestNGXML.xml(PatriciaTestNGXML.java:114)
	at test.PatriciaTestNGXML.main(PatriciaTestNGXML.java:120)
... Removed 22 stack frames]]>
    </failure>
  </testcase> <!-- testmandatoryfields -->
</testsuite> <!-- Command line test d2143ad3-0584-495a-bb64-79ebe44af783 -->
