<?xml version="1.0" encoding="UTF-8"?>
<!-- Generated by org.testng.reporters.JUnitXMLReporter -->
<testsuite hostname="ZS-DSK-0014" ignored="0" name="Command line test 3fc56950-8892-4ec7-8085-d0eed03d27c6" tests="1" failures="1" timestamp="22 Apr 2020 08:15:05 GMT" time="36.841" errors="0">
  <testcase name="testmandatoryfields" time="16.275" classname="test.TestMandatoryFields">
    <failure type="junit.framework.AssertionFailedError" message=" Mandatory error message is not generated">
      <![CDATA[junit.framework.AssertionFailedError:  Mandatory error message is not generated
	at junit.framework.Assert.fail(Assert.java:47)
	at pages.MandatoryFields.All_Fields(MandatoryFields.java:98)
	at pages.MandatoryFields.Switch_Case(MandatoryFields.java:48)
	at test.TestMandatoryFields.testmandatoryfields(TestMandatoryFields.java:37)
	at test.PatriciaTestNGXML.xml(PatriciaTestNGXML.java:134)
	at test.PatriciaTestNGXML.main(PatriciaTestNGXML.java:144)
... Removed 22 stack frames]]>
    </failure>
  </testcase> <!-- testmandatoryfields -->
</testsuite> <!-- Command line test 3fc56950-8892-4ec7-8085-d0eed03d27c6 -->
