<?xml version="1.0" encoding="UTF-8"?>
<!-- Generated by org.testng.reporters.JUnitXMLReporter -->
<testsuite hostname="ZS-DSK-0014" ignored="0" name="Command line test c4848544-8c5c-48d8-8db9-9ba260b24182" tests="1" failures="0" timestamp="23 Apr 2020 12:17:41 GMT" time="43.364" errors="0">
  <testcase name="@BeforeClass testBeforeClass" time="43.352" classname="test.TestcaseCreation">
    <failure type="java.lang.AssertionError" message=" Could not navigate to the Application Login page">
      <![CDATA[java.lang.AssertionError:  Could not navigate to the Application Login page
	at pages.webAction.getUrl(webAction.java:186)
	at pages.webAction.before_Class(webAction.java:120)
	at test.TestcaseCreation.testBeforeClass(TestcaseCreation.java:16)
	at test.PatriciaTestNGXML.xml(PatriciaTestNGXML.java:137)
	at test.PatriciaTestNGXML.main(PatriciaTestNGXML.java:147)
... Removed 23 stack frames]]>
    </failure>
  </testcase> <!-- @BeforeClass testBeforeClass -->
  <testcase name="@AfterClass testAfterClass" time="0.0" classname="test.TestcaseCreation">
    <skipped/>
  </testcase> <!-- @AfterClass testAfterClass -->
  <testcase name="testCaseCreation" time="0.001" classname="test.TestcaseCreation">
    <skipped/>
  </testcase> <!-- testCaseCreation -->
</testsuite> <!-- Command line test c4848544-8c5c-48d8-8db9-9ba260b24182 -->
