<?xml version="1.0" encoding="UTF-8"?>
<!-- Generated by org.testng.reporters.JUnitXMLReporter -->
<testsuite hostname="ZS-LP-0003" ignored="0" name="Command line test 5b7ca0eb-851d-4115-8e85-af212ac56dc5" tests="1" failures="1" timestamp="21 Apr 2020 09:07:55 GMT" time="121.62" errors="0">
  <testcase name="testCaseCreation" time="97.111" classname="test.TestcaseCreation">
    <failure type="java.lang.AssertionError" message="trademark casetype is not selected">
      <![CDATA[java.lang.AssertionError: trademark casetype is not selected
	at pages.CaseCreation.trademarkcase(CaseCreation.java:253)
	at pages.CaseCreation.caseCreation(CaseCreation.java:90)
	at test.TestcaseCreation.testCaseCreation(TestcaseCreation.java:34)
	at test.PatriciaTestNGXML.xml(PatriciaTestNGXML.java:114)
	at test.PatriciaTestNGXML.main(PatriciaTestNGXML.java:120)
... Removed 23 stack frames]]>
    </failure>
  </testcase> <!-- testCaseCreation -->
</testsuite> <!-- Command line test 5b7ca0eb-851d-4115-8e85-af212ac56dc5 -->
