<?xml version="1.0" encoding="UTF-8"?>
<!-- Generated by org.testng.reporters.JUnitXMLReporter -->
<testsuite hostname="ZS-LP-0003" ignored="0" name="Command line test f6b1a0d7-3144-4012-9d72-134f643e91bf" tests="1" failures="0" timestamp="20 Apr 2020 15:40:37 GMT" time="15.738" errors="0">
  <testcase name="@BeforeClass testBeforeClass" time="15.707" classname="test.TestcaseCreation">
    <failure type="java.lang.AssertionError" message="Could not open the browser">
      <![CDATA[java.lang.AssertionError: Could not open the browser
	at pages.webAction.launchDriver(webAction.java:169)
	at pages.webAction.before_Class(webAction.java:111)
	at test.TestcaseCreation.testBeforeClass(TestcaseCreation.java:16)
	at test.PatriciaTestNGXML.xml(PatriciaTestNGXML.java:114)
	at test.PatriciaTestNGXML.main(PatriciaTestNGXML.java:120)
... Removed 23 stack frames]]>
    </failure>
  </testcase> <!-- @BeforeClass testBeforeClass -->
  <testcase name="@AfterClass testAfterClass" time="0.0" classname="test.TestcaseCreation">
    <skipped/>
  </testcase> <!-- @AfterClass testAfterClass -->
  <testcase name="testCaseCreation" time="0.029" classname="test.TestcaseCreation">
    <skipped/>
  </testcase> <!-- testCaseCreation -->
</testsuite> <!-- Command line test f6b1a0d7-3144-4012-9d72-134f643e91bf -->
