<?xml version="1.0" encoding="UTF-8"?>
<!-- Generated by org.testng.reporters.JUnitXMLReporter -->
<testsuite hostname="ZS-DSK-0014" ignored="0" name="Command line test c7a55bc7-f985-4979-bbcd-64b7d2afdf15" tests="1" failures="1" timestamp="25 Apr 2020 15:29:51 GMT" time="114.488" errors="0">
  <testcase name="testCaseCreation" time="93.048" classname="test.TestcaseCreation">
    <failure type="java.lang.AssertionError" message="trademark casetype is not selected">
      <![CDATA[java.lang.AssertionError: trademark casetype is not selected
	at pages.CaseCreation.trademarkcase(CaseCreation.java:254)
	at pages.CaseCreation.caseCreation(CaseCreation.java:90)
	at test.TestcaseCreation.testCaseCreation(TestcaseCreation.java:34)
	at test.PatriciaTestNGXML.xml(PatriciaTestNGXML.java:142)
	at test.PatriciaTestNGXML.main(PatriciaTestNGXML.java:148)
... Removed 23 stack frames]]>
    </failure>
  </testcase> <!-- testCaseCreation -->
</testsuite> <!-- Command line test c7a55bc7-f985-4979-bbcd-64b7d2afdf15 -->
