<?xml version="1.0" encoding="UTF-8"?>
<!-- Generated by org.testng.reporters.JUnitXMLReporter -->
<testsuite hostname="ZS-LP-0003" ignored="0" name="Command line test 6211050e-bfef-44c1-a58d-03287af0c043" tests="1" failures="1" timestamp="21 Apr 2020 05:42:05 GMT" time="70.28" errors="0">
  <testcase name="testCaseCreation" time="35.461" classname="test.TestcaseCreation">
    <failure type="java.lang.AssertionError" message="trademark casetype is not selected">
      <![CDATA[java.lang.AssertionError: trademark casetype is not selected
	at pages.CaseCreation.trademarkcase(CaseCreation.java:253)
	at pages.CaseCreation.caseCreation(CaseCreation.java:90)
	at test.TestcaseCreation.testCaseCreation(TestcaseCreation.java:34)
	at test.PatriciaTestNGXML.xml(PatriciaTestNGXML.java:114)
	at test.PatriciaTestNGXML.main(PatriciaTestNGXML.java:120)
... Removed 23 stack frames]]>
    </failure>
  </testcase> <!-- testCaseCreation -->
</testsuite> <!-- Command line test 6211050e-bfef-44c1-a58d-03287af0c043 -->
