<?xml version="1.0" encoding="UTF-8"?>
<!-- Generated by org.testng.reporters.JUnitXMLReporter -->
<testsuite hostname="ZS-LP-0003" ignored="0" name="Command line test d8bc0033-0667-4959-8df5-b625bf072501" tests="1" failures="1" timestamp="21 Apr 2020 13:33:41 GMT" time="59.939" errors="0">
  <testcase name="testpartiesinvalid" time="23.211" classname="test.TestPartiesInvalid">
    <failure type="java.lang.AssertionError" message="FAIL- parties are not created">
      <![CDATA[java.lang.AssertionError: FAIL- parties are not created
	at pages.PartiesInvalid.Partiesvalid(PartiesInvalid.java:126)
	at test.TestPartiesInvalid.testpartiesinvalid(TestPartiesInvalid.java:39)
	at test.PatriciaTestNGXML.xml(PatriciaTestNGXML.java:117)
	at test.PatriciaTestNGXML.main(PatriciaTestNGXML.java:123)
... Removed 23 stack frames]]>
    </failure>
  </testcase> <!-- testpartiesinvalid -->
</testsuite> <!-- Command line test d8bc0033-0667-4959-8df5-b625bf072501 -->
