<?xml version="1.0" encoding="UTF-8"?>
<!-- Generated by org.testng.reporters.JUnitXMLReporter -->
<testsuite hostname="ZS-DSK-0014" ignored="0" name="Command line test 6a26301e-3f6a-4635-a6fe-014f32b050e9" tests="1" failures="0" timestamp="22 Apr 2020 08:08:09 GMT" time="15.689" errors="0">
  <testcase name="@BeforeClass testBeforeClass" time="15.675" classname="test.TestPartiesInvalid">
    <failure type="java.lang.AssertionError" message="Could not open the browser">
      <![CDATA[java.lang.AssertionError: Could not open the browser
	at pages.webAction.launchDriver(webAction.java:174)
	at pages.webAction.before_Class(webAction.java:116)
	at test.TestPartiesInvalid.testBeforeClass(TestPartiesInvalid.java:20)
	at test.PatriciaTestNGXML.xml(PatriciaTestNGXML.java:134)
	at test.PatriciaTestNGXML.main(PatriciaTestNGXML.java:144)
... Removed 23 stack frames]]>
    </failure>
  </testcase> <!-- @BeforeClass testBeforeClass -->
  <testcase name="@AfterClass testAfterClass" time="0.0" classname="test.TestPartiesInvalid">
    <skipped/>
  </testcase> <!-- @AfterClass testAfterClass -->
  <testcase name="testpartiesinvalid" time="0.0" classname="test.TestPartiesInvalid">
    <skipped/>
  </testcase> <!-- testpartiesinvalid -->
</testsuite> <!-- Command line test 6a26301e-3f6a-4635-a6fe-014f32b050e9 -->
