<?xml version="1.0" encoding="UTF-8"?>
<!-- Generated by org.testng.reporters.JUnitXMLReporter -->
<testsuite hostname="ZS-DSK-0014" ignored="0" name="test_AddDocument" tests="1" failures="1" timestamp="10 Mar 2020 08:49:32 GMT" time="0.023" errors="0">
  <testcase name="testAddDocument" time="0.01" classname="TestPatrixmaven.TestAddDocument">
    <failure type="java.lang.NullPointerException">
      <![CDATA[java.lang.NullPointerException
	at TestPatrixmavenSupport.Log.startTestCase(Log.java:23)
	at TestPatrixmaven.TestAddDocument.testAddDocument(TestAddDocument.java:20)
... Removed 25 stack frames]]>
    </failure>
  </testcase> <!-- testAddDocument -->
</testsuite> <!-- test_AddDocument -->
