<?xml version="1.0" encoding="UTF-8"?>
<!-- Generated by org.testng.reporters.JUnitXMLReporter -->
<testsuite hostname="ZS-DSK-0014" ignored="3" name="Patricia_Poc" tests="4" failures="2" timestamp="13 Mar 2020 11:00:29 GMT" time="209.64" errors="0">
  <testcase name="testCaseCreation" time="46.017" classname="test.TestcaseCreation"/>
  <testcase name="testAddDocument" time="25.662" classname="test.TestAddDocument">
    <failure type="java.lang.AssertionError" message="There are No documents available">
      <![CDATA[java.lang.AssertionError: There are No documents available
	at pages.webAction.documentWidget(webAction.java:236)
	at pages.AddDocument.addDocument(AddDocument.java:25)
	at test.TestAddDocument.testAddDocument(TestAddDocument.java:36)
... Removed 26 stack frames]]>
    </failure>
  </testcase> <!-- testAddDocument -->
  <testcase name="testDocumentPreview" time="24.696" classname="test.TestDocumentPreview"/>
  <testcase name="testSearchCase" time="29.677" classname="test.TestSearchforNegativeCase">
    <failure type="java.lang.AssertionError" message="There are No documents available">
      <![CDATA[java.lang.AssertionError: There are No documents available
	at pages.webAction.documentWidget(webAction.java:236)
	at test.TestSearchforNegativeCase.testSearchCase(TestSearchforNegativeCase.java:35)
... Removed 26 stack frames]]>
    </failure>
  </testcase> <!-- testSearchCase -->
  <testcase name="@BeforeSuite before_suite" time="0.0" classname="pages.webAction">
    <ignored/>
  </testcase> <!-- @BeforeSuite before_suite -->
  <testcase name="@BeforeSuite before_suite" time="0.0" classname="pages.webAction">
    <ignored/>
  </testcase> <!-- @BeforeSuite before_suite -->
  <testcase name="@BeforeSuite before_suite" time="0.0" classname="pages.webAction">
    <ignored/>
  </testcase> <!-- @BeforeSuite before_suite -->
</testsuite> <!-- Patricia_Poc -->
